[DEBUG] [2023-08-08 11:42:39,599:Client-autosklearn.automl_common.common.utils.backend] _make_internals_directory: [Errno 17] File exists: 'logs/autosklearn/InterVideo_sub02/.auto-sklearn'
[DEBUG] [2023-08-08 11:42:39,600:Client-autosklearn.automl_common.common.utils.backend] _make_internals_directory: [Errno 17] File exists: 'logs/autosklearn/InterVideo_sub02/.auto-sklearn/runs'
[DEBUG] [2023-08-08 11:42:48,541:Client-AutoML(1):InterVideo_sub02] Starting to print environment information
[DEBUG] [2023-08-08 11:42:48,541:Client-AutoML(1):InterVideo_sub02]   Python version: ['3.7.3 (default, Mar 27 2019, 22:11:17) ', '[GCC 7.3.0]']
[DEBUG] [2023-08-08 11:42:48,542:Client-AutoML(1):InterVideo_sub02] 	Distribution: ubuntu-18.04-Ubuntu
[DEBUG] [2023-08-08 11:42:48,542:Client-AutoML(1):InterVideo_sub02]   System: Linux
[DEBUG] [2023-08-08 11:42:48,542:Client-AutoML(1):InterVideo_sub02]   Machine: x86_64
[DEBUG] [2023-08-08 11:42:48,542:Client-AutoML(1):InterVideo_sub02]   Platform: Linux-5.4.0-131-generic-x86_64-with-debian-buster-sid
[DEBUG] [2023-08-08 11:42:48,542:Client-AutoML(1):InterVideo_sub02]   Version: #147-Ubuntu SMP Fri Oct 14 17:07:22 UTC 2022
[DEBUG] [2023-08-08 11:42:48,542:Client-AutoML(1):InterVideo_sub02]   Mac version: ('', ('', '', ''), '')
[DEBUG] [2023-08-08 11:42:48,543:Client-AutoML(1):InterVideo_sub02]   setuptools 59.5.0
[DEBUG] [2023-08-08 11:42:48,543:Client-AutoML(1):InterVideo_sub02]   typing-extensions 4.6.3
[DEBUG] [2023-08-08 11:42:48,543:Client-AutoML(1):InterVideo_sub02]   distro 1.8.0
[DEBUG] [2023-08-08 11:42:48,544:Client-AutoML(1):InterVideo_sub02]   numpy 1.21.5
[DEBUG] [2023-08-08 11:42:48,544:Client-AutoML(1):InterVideo_sub02]   scipy 1.7.3
[DEBUG] [2023-08-08 11:42:48,545:Client-AutoML(1):InterVideo_sub02]   joblib 1.1.0
[DEBUG] [2023-08-08 11:42:48,545:Client-AutoML(1):InterVideo_sub02]   scikit-learn 1.0.2
[DEBUG] [2023-08-08 11:42:48,545:Client-AutoML(1):InterVideo_sub02]   dask 2022.2.0
[DEBUG] [2023-08-08 11:42:48,545:Client-AutoML(1):InterVideo_sub02]   distributed 2022.2.0
[DEBUG] [2023-08-08 11:42:48,546:Client-AutoML(1):InterVideo_sub02]   PyYAML 6.0
[DEBUG] [2023-08-08 11:42:48,546:Client-AutoML(1):InterVideo_sub02]   pandas 1.3.5
[DEBUG] [2023-08-08 11:42:48,547:Client-AutoML(1):InterVideo_sub02]   liac-arff 2.5.0
[DEBUG] [2023-08-08 11:42:48,547:Client-AutoML(1):InterVideo_sub02]   threadpoolctl 3.1.0
[DEBUG] [2023-08-08 11:42:48,547:Client-AutoML(1):InterVideo_sub02]   ConfigSpace 0.4.21
[DEBUG] [2023-08-08 11:42:48,547:Client-AutoML(1):InterVideo_sub02]   pynisher 0.6.4
[DEBUG] [2023-08-08 11:42:48,548:Client-AutoML(1):InterVideo_sub02]   pyrfr 0.8.3
[DEBUG] [2023-08-08 11:42:48,550:Client-AutoML(1):InterVideo_sub02]   smac 1.2
[DEBUG] [2023-08-08 11:42:48,550:Client-AutoML(1):InterVideo_sub02] Done printing environment information
[DEBUG] [2023-08-08 11:42:48,550:Client-AutoML(1):InterVideo_sub02] Starting to print arguments to auto-sklearn
[DEBUG] [2023-08-08 11:42:48,550:Client-AutoML(1):InterVideo_sub02]   tmp_folder: logs/autosklearn/InterVideo_sub02
[DEBUG] [2023-08-08 11:42:48,550:Client-AutoML(1):InterVideo_sub02]    time_left_for_this_task: 600.000000
[DEBUG] [2023-08-08 11:42:48,550:Client-AutoML(1):InterVideo_sub02]   per_run_time_limit: 100.000000
[DEBUG] [2023-08-08 11:42:48,550:Client-AutoML(1):InterVideo_sub02]   initial_configurations_via_metalearning: 25
[DEBUG] [2023-08-08 11:42:48,550:Client-AutoML(1):InterVideo_sub02]   ensemble_class: <class 'autosklearn.ensembles.ensemble_selection.EnsembleSelection'>
[DEBUG] [2023-08-08 11:42:48,550:Client-AutoML(1):InterVideo_sub02]   ensemble_kwargs: {'ensemble_size': 10}
[DEBUG] [2023-08-08 11:42:48,550:Client-AutoML(1):InterVideo_sub02]   ensemble_nbest: 10.000000
[DEBUG] [2023-08-08 11:42:48,550:Client-AutoML(1):InterVideo_sub02]   max_models_on_disc: 50
[DEBUG] [2023-08-08 11:42:48,550:Client-AutoML(1):InterVideo_sub02]   seed: 1
[DEBUG] [2023-08-08 11:42:48,550:Client-AutoML(1):InterVideo_sub02]   memory_limit: 102400
[DEBUG] [2023-08-08 11:42:48,550:Client-AutoML(1):InterVideo_sub02]   metadata_directory: None
[DEBUG] [2023-08-08 11:42:48,550:Client-AutoML(1):InterVideo_sub02]   include: None
[DEBUG] [2023-08-08 11:42:48,550:Client-AutoML(1):InterVideo_sub02]   exclude: None
[DEBUG] [2023-08-08 11:42:48,550:Client-AutoML(1):InterVideo_sub02]   resampling_strategy: holdout
[DEBUG] [2023-08-08 11:42:48,550:Client-AutoML(1):InterVideo_sub02]   resampling_strategy_arguments: {}
[DEBUG] [2023-08-08 11:42:48,550:Client-AutoML(1):InterVideo_sub02]   n_jobs: 15
[DEBUG] [2023-08-08 11:42:48,550:Client-AutoML(1):InterVideo_sub02]   multiprocessing_context: forkserver
[DEBUG] [2023-08-08 11:42:48,550:Client-AutoML(1):InterVideo_sub02]   dask_client: LocalDask(n_jobs = 15)
[DEBUG] [2023-08-08 11:42:48,550:Client-AutoML(1):InterVideo_sub02]   precision: 32
[DEBUG] [2023-08-08 11:42:48,550:Client-AutoML(1):InterVideo_sub02]   disable_evaluator_output: False
[DEBUG] [2023-08-08 11:42:48,550:Client-AutoML(1):InterVideo_sub02]   get_smac_objective_callback: None
[DEBUG] [2023-08-08 11:42:48,550:Client-AutoML(1):InterVideo_sub02]   smac_scenario_args: None
[DEBUG] [2023-08-08 11:42:48,550:Client-AutoML(1):InterVideo_sub02]   logging_config: None
[DEBUG] [2023-08-08 11:42:48,550:Client-AutoML(1):InterVideo_sub02]   metric: r2
[DEBUG] [2023-08-08 11:42:48,550:Client-AutoML(1):InterVideo_sub02] Done printing arguments to auto-sklearn
[DEBUG] [2023-08-08 11:42:48,550:Client-AutoML(1):InterVideo_sub02] Starting to print available components
[DEBUG] [2023-08-08 11:42:48,551:Client-AutoML(1):InterVideo_sub02] ClassifierChoice: OrderedDict([('adaboost', <class 'autosklearn.pipeline.components.classification.adaboost.AdaboostClassifier'>), ('bernoulli_nb', <class 'autosklearn.pipeline.components.classification.bernoulli_nb.BernoulliNB'>), ('decision_tree', <class 'autosklearn.pipeline.components.classification.decision_tree.DecisionTree'>), ('extra_trees', <class 'autosklearn.pipeline.components.classification.extra_trees.ExtraTreesClassifier'>), ('gaussian_nb', <class 'autosklearn.pipeline.components.classification.gaussian_nb.GaussianNB'>), ('gradient_boosting', <class 'autosklearn.pipeline.components.classification.gradient_boosting.GradientBoostingClassifier'>), ('k_nearest_neighbors', <class 'autosklearn.pipeline.components.classification.k_nearest_neighbors.KNearestNeighborsClassifier'>), ('lda', <class 'autosklearn.pipeline.components.classification.lda.LDA'>), ('liblinear_svc', <class 'autosklearn.pipeline.components.classification.liblinear_svc.LibLinear_SVC'>), ('libsvm_svc', <class 'autosklearn.pipeline.components.classification.libsvm_svc.LibSVM_SVC'>), ('mlp', <class 'autosklearn.pipeline.components.classification.mlp.MLPClassifier'>), ('multinomial_nb', <class 'autosklearn.pipeline.components.classification.multinomial_nb.MultinomialNB'>), ('passive_aggressive', <class 'autosklearn.pipeline.components.classification.passive_aggressive.PassiveAggressive'>), ('qda', <class 'autosklearn.pipeline.components.classification.qda.QDA'>), ('random_forest', <class 'autosklearn.pipeline.components.classification.random_forest.RandomForest'>), ('sgd', <class 'autosklearn.pipeline.components.classification.sgd.SGD'>)])
[DEBUG] [2023-08-08 11:42:48,551:Client-AutoML(1):InterVideo_sub02] RegressorChoice: OrderedDict([('adaboost', <class 'autosklearn.pipeline.components.regression.adaboost.AdaboostRegressor'>), ('ard_regression', <class 'autosklearn.pipeline.components.regression.ard_regression.ARDRegression'>), ('decision_tree', <class 'autosklearn.pipeline.components.regression.decision_tree.DecisionTree'>), ('extra_trees', <class 'autosklearn.pipeline.components.regression.extra_trees.ExtraTreesRegressor'>), ('gaussian_process', <class 'autosklearn.pipeline.components.regression.gaussian_process.GaussianProcess'>), ('gradient_boosting', <class 'autosklearn.pipeline.components.regression.gradient_boosting.GradientBoosting'>), ('k_nearest_neighbors', <class 'autosklearn.pipeline.components.regression.k_nearest_neighbors.KNearestNeighborsRegressor'>), ('liblinear_svr', <class 'autosklearn.pipeline.components.regression.liblinear_svr.LibLinear_SVR'>), ('libsvm_svr', <class 'autosklearn.pipeline.components.regression.libsvm_svr.LibSVM_SVR'>), ('mlp', <class 'autosklearn.pipeline.components.regression.mlp.MLPRegressor'>), ('random_forest', <class 'autosklearn.pipeline.components.regression.random_forest.RandomForest'>), ('sgd', <class 'autosklearn.pipeline.components.regression.sgd.SGD'>)])
[DEBUG] [2023-08-08 11:42:48,551:Client-AutoML(1):InterVideo_sub02] FeaturePreprocessorChoice: OrderedDict([('densifier', <class 'autosklearn.pipeline.components.feature_preprocessing.densifier.Densifier'>), ('extra_trees_preproc_for_classification', <class 'autosklearn.pipeline.components.feature_preprocessing.extra_trees_preproc_for_classification.ExtraTreesPreprocessorClassification'>), ('extra_trees_preproc_for_regression', <class 'autosklearn.pipeline.components.feature_preprocessing.extra_trees_preproc_for_regression.ExtraTreesPreprocessorRegression'>), ('fast_ica', <class 'autosklearn.pipeline.components.feature_preprocessing.fast_ica.FastICA'>), ('feature_agglomeration', <class 'autosklearn.pipeline.components.feature_preprocessing.feature_agglomeration.FeatureAgglomeration'>), ('kernel_pca', <class 'autosklearn.pipeline.components.feature_preprocessing.kernel_pca.KernelPCA'>), ('kitchen_sinks', <class 'autosklearn.pipeline.components.feature_preprocessing.kitchen_sinks.RandomKitchenSinks'>), ('liblinear_svc_preprocessor', <class 'autosklearn.pipeline.components.feature_preprocessing.liblinear_svc_preprocessor.LibLinear_Preprocessor'>), ('no_preprocessing', <class 'autosklearn.pipeline.components.feature_preprocessing.no_preprocessing.NoPreprocessing'>), ('nystroem_sampler', <class 'autosklearn.pipeline.components.feature_preprocessing.nystroem_sampler.Nystroem'>), ('pca', <class 'autosklearn.pipeline.components.feature_preprocessing.pca.PCA'>), ('polynomial', <class 'autosklearn.pipeline.components.feature_preprocessing.polynomial.PolynomialFeatures'>), ('random_trees_embedding', <class 'autosklearn.pipeline.components.feature_preprocessing.random_trees_embedding.RandomTreesEmbedding'>), ('select_percentile_classification', <class 'autosklearn.pipeline.components.feature_preprocessing.select_percentile_classification.SelectPercentileClassification'>), ('select_percentile_regression', <class 'autosklearn.pipeline.components.feature_preprocessing.select_percentile_regression.SelectPercentileRegression'>), ('select_rates_classification', <class 'autosklearn.pipeline.components.feature_preprocessing.select_rates_classification.SelectClassificationRates'>), ('select_rates_regression', <class 'autosklearn.pipeline.components.feature_preprocessing.select_rates_regression.SelectRegressionRates'>), ('truncatedSVD', <class 'autosklearn.pipeline.components.feature_preprocessing.truncatedSVD.TruncatedSVD'>)])
[DEBUG] [2023-08-08 11:42:48,551:Client-AutoML(1):InterVideo_sub02] OHEChoice: OrderedDict([('encoding', <class 'autosklearn.pipeline.components.data_preprocessing.categorical_encoding.encoding.OrdinalEncoding'>), ('no_encoding', <class 'autosklearn.pipeline.components.data_preprocessing.categorical_encoding.no_encoding.NoEncoding'>), ('one_hot_encoding', <class 'autosklearn.pipeline.components.data_preprocessing.categorical_encoding.one_hot_encoding.OneHotEncoder'>)])
[DEBUG] [2023-08-08 11:42:48,551:Client-AutoML(1):InterVideo_sub02] RescalingChoice: OrderedDict([('minmax', <class 'autosklearn.pipeline.components.data_preprocessing.rescaling.minmax.MinMaxScalerComponent'>), ('none', <class 'autosklearn.pipeline.components.data_preprocessing.rescaling.none.NoRescalingComponent'>), ('normalize', <class 'autosklearn.pipeline.components.data_preprocessing.rescaling.normalize.NormalizerComponent'>), ('power_transformer', <class 'autosklearn.pipeline.components.data_preprocessing.rescaling.power_transformer.PowerTransformerComponent'>), ('quantile_transformer', <class 'autosklearn.pipeline.components.data_preprocessing.rescaling.quantile_transformer.QuantileTransformerComponent'>), ('robust_scaler', <class 'autosklearn.pipeline.components.data_preprocessing.rescaling.robust_scaler.RobustScalerComponent'>), ('standardize', <class 'autosklearn.pipeline.components.data_preprocessing.rescaling.standardize.StandardScalerComponent'>)])
[DEBUG] [2023-08-08 11:42:48,551:Client-AutoML(1):InterVideo_sub02] CoalescenseChoice: OrderedDict([('minority_coalescer', <class 'autosklearn.pipeline.components.data_preprocessing.minority_coalescense.minority_coalescer.MinorityCoalescer'>), ('no_coalescense', <class 'autosklearn.pipeline.components.data_preprocessing.minority_coalescense.no_coalescense.NoCoalescence'>)])
[DEBUG] [2023-08-08 11:42:48,551:Client-AutoML(1):InterVideo_sub02] Done printing available components
[INFO] [2023-08-08 11:42:52,425:Client-AutoML(1):InterVideo_sub02] Closing the dask infrastructure
[INFO] [2023-08-08 11:42:52,425:Client-AutoML(1):InterVideo_sub02] Finished closing the dask infrastructure
[INFO] [2023-08-08 11:42:52,425:Client-AutoML(1):InterVideo_sub02] Starting to clean up the logger
